<?xml version="1.0" encoding="UTF-8"?>
<testng-results skipped="0" failed="0" ignored="0" total="1" passed="1">
  <reporter-output>
  </reporter-output>
  <suite name="Default suite" duration-ms="6083" started-at="2020-08-26T14:01:36 CDT" finished-at="2020-08-26T14:01:42 CDT">
    <groups>
      <group name="cucumber">
        <method signature="AbstractTestNGCucumberTests.feature(cucumber.api.testng.CucumberFeatureWrapper)[pri:0, instance:runner.TestRunner@d44fc21]" name="feature" class="cucumber.api.testng.AbstractTestNGCucumberTests"/>
      </group> <!-- cucumber -->
    </groups>
    <test name="Default test" duration-ms="6083" started-at="2020-08-26T14:01:36 CDT" finished-at="2020-08-26T14:01:42 CDT">
      <class name="runner.TestRunner">
        <test-method status="PASS" signature="setUpClass()[pri:0, instance:runner.TestRunner@d44fc21]" name="setUpClass" is-config="true" duration-ms="155" started-at="2020-08-26T14:01:36 CDT" finished-at="2020-08-26T14:01:36 CDT">
          <reporter-output>
          </reporter-output>
        </test-method> <!-- setUpClass -->
        <test-method status="PASS" signature="feature(cucumber.api.testng.CucumberFeatureWrapper)[pri:0, instance:runner.TestRunner@d44fc21]" name="feature" duration-ms="5834" started-at="2020-08-26T14:01:36 CDT" description="Runs Cucumber Feature" data-provider="features" finished-at="2020-08-26T14:01:42 CDT">
          <params>
            <param index="0">
              <value>
                <![CDATA[Expedia header navigation]]>
              </value>
            </param>
          </params>
          <reporter-output>
          </reporter-output>
        </test-method> <!-- feature -->
        <test-method status="PASS" signature="tearDownClass()[pri:0, instance:runner.TestRunner@d44fc21]" name="tearDownClass" is-config="true" duration-ms="8" started-at="2020-08-26T14:01:42 CDT" finished-at="2020-08-26T14:01:42 CDT">
          <reporter-output>
          </reporter-output>
        </test-method> <!-- tearDownClass -->
      </class> <!-- runner.TestRunner -->
    </test> <!-- Default test -->
  </suite> <!-- Default suite -->
</testng-results>
